# JRE version: OpenJDK Runtime Environment GraalVM CE 22.3.0 (17.0.5+8) (build 17.0.5+8-jvmci-22.3-b08)
# Java VM: OpenJDK 64-Bit Server VM GraalVM CE 22.3.0 (17.0.5+8-jvmci-22.3-b08, mixed mode, sharing, tiered, jvmci, jvmci compiler, compressed oops, compressed class ptrs, parallel gc, linux-amd64)
GC Precious Log:
 CPUs: 8 total, 1 available
 Memory: 3215M
 Large Page Support: Disabled
 NUMA Support: Disabled
 Compressed Oops: Enabled (32-bit)
 Alignments: Space 512K, Generation 512K, Heap 2M
 Heap Min Capacity: 100M
 Heap Initial Capacity: 100M
 Heap Max Capacity: 512M
 Pre-touch: Disabled
 Parallel Workers: 1
Heap:
 PSYoungGen      total 38912K, used 10006K [0x00000000f5580000, 0x00000000f8080000, 0x0000000100000000)
  eden space 35840K, 20% used [0x00000000f5580000,0x00000000f5cb5398,0x00000000f7880000)
  from space 3072K, 85% used [0x00000000f7d80000,0x00000000f8010860,0x00000000f8080000)
  to   space 3072K, 0% used [0x00000000f7a80000,0x00000000f7a80000,0x00000000f7d80000)
 ParOldGen       total 291328K, used 203154K [0x00000000e0000000, 0x00000000f1c80000, 0x00000000f5580000)
  object space 291328K, 69% used [0x00000000e0000000,0x00000000ec664990,0x00000000f1c80000)
 Metaspace       used 67532K, committed 68480K, reserved 1114112K
  class space    used 6118K, committed 6528K, reserved 1048576K
GC Heap History (20 events):
Event: 93.339 GC heap before
{Heap before GC invocations=179 (full 45):
 PSYoungGen      total 45568K, used 45549K [0x00000000f5580000, 0x00000000f9180000, 0x0000000100000000)
  eden space 42496K, 100% used [0x00000000f5580000,0x00000000f7f00000,0x00000000f7f00000)
  from space 3072K, 99% used [0x00000000f8700000,0x00000000f89fb4a8,0x00000000f8a00000)
  to   space 8192K, 0% used [0x00000000f7f00000,0x00000000f7f00000,0x00000000f8700000)
 ParOldGen       total 291328K, used 192996K [0x00000000e0000000, 0x00000000f1c80000, 0x00000000f5580000)
  object space 291328K, 66% used [0x00000000e0000000,0x00000000ebc792d8,0x00000000f1c80000)
 Metaspace       used 59115K, committed 60096K, reserved 1105920K
  class space    used 5734K, committed 6144K, reserved 1048576K
}
Event: 93.351 GC heap after
{Heap after GC invocations=179 (full 45):
 PSYoungGen      total 46592K, used 4471K [0x00000000f5580000, 0x00000000f8980000, 0x0000000100000000)
  eden space 41984K, 0% used [0x00000000f5580000,0x00000000f5580000,0x00000000f7e80000)
  from space 4608K, 97% used [0x00000000f7f00000,0x00000000f835df80,0x00000000f8380000)
  to   space 5632K, 0% used [0x00000000f8400000,0x00000000f8400000,0x00000000f8980000)
 ParOldGen       total 291328K, used 194742K [0x00000000e0000000, 0x00000000f1c80000, 0x00000000f5580000)
  object space 291328K, 66% used [0x00000000e0000000,0x00000000ebe2da38,0x00000000f1c80000)
 Metaspace       used 59115K, committed 60096K, reserved 1105920K
  class space    used 5734K, committed 6144K, reserved 1048576K
}
Event: 116.175 GC heap before
{Heap before GC invocations=180 (full 45):
 PSYoungGen      total 46592K, used 46455K [0x00000000f5580000, 0x00000000f8980000, 0x0000000100000000)
  eden space 41984K, 100% used [0x00000000f5580000,0x00000000f7e80000,0x00000000f7e80000)
  from space 4608K, 97% used [0x00000000f7f00000,0x00000000f835df80,0x00000000f8380000)
  to   space 5632K, 0% used [0x00000000f8400000,0x00000000f8400000,0x00000000f8980000)
 ParOldGen       total 291328K, used 194742K [0x00000000e0000000, 0x00000000f1c80000, 0x00000000f5580000)
  object space 291328K, 66% used [0x00000000e0000000,0x00000000ebe2da90,0x00000000f1c80000)
 Metaspace       used 62496K, committed 63424K, reserved 1105920K
  class space    used 5978K, committed 6336K, reserved 1048576K
}
Event: 116.186 GC heap after
{Heap after GC invocations=180 (full 45):
 PSYoungGen      total 47104K, used 5626K [0x00000000f5580000, 0x00000000f8a80000, 0x0000000100000000)
  eden space 41472K, 0% used [0x00000000f5580000,0x00000000f5580000,0x00000000f7e00000)
  from space 5632K, 99% used [0x00000000f8400000,0x00000000f897e900,0x00000000f8980000)
  to   space 6144K, 0% used [0x00000000f7e00000,0x00000000f7e00000,0x00000000f8400000)
 ParOldGen       total 291328K, used 194742K [0x00000000e0000000, 0x00000000f1c80000, 0x00000000f5580000)
  object space 291328K, 66% used [0x00000000e0000000,0x00000000ebe2da90,0x00000000f1c80000)
 Metaspace       used 62496K, committed 63424K, reserved 1105920K
  class space    used 5978K, committed 6336K, reserved 1048576K
}
Event: 126.260 GC heap before
{Heap before GC invocations=181 (full 45):
 PSYoungGen      total 47104K, used 47098K [0x00000000f5580000, 0x00000000f8a80000, 0x0000000100000000)
  eden space 41472K, 100% used [0x00000000f5580000,0x00000000f7e00000,0x00000000f7e00000)
  from space 5632K, 99% used [0x00000000f8400000,0x00000000f897e900,0x00000000f8980000)
  to   space 6144K, 0% used [0x00000000f7e00000,0x00000000f7e00000,0x00000000f8400000)
 ParOldGen       total 291328K, used 194745K [0x00000000e0000000, 0x00000000f1c80000, 0x00000000f5580000)
  object space 291328K, 66% used [0x00000000e0000000,0x00000000ebe2e460,0x00000000f1c80000)
 Metaspace       used 63578K, committed 64512K, reserved 1114112K
  class space    used 6004K, committed 6400K, reserved 1048576K
}
Event: 126.268 GC heap after
{Heap after GC invocations=181 (full 45):
 PSYoungGen      total 47104K, used 5780K [0x00000000f5580000, 0x00000000f8980000, 0x0000000100000000)
  eden space 40960K, 0% used [0x00000000f5580000,0x00000000f5580000,0x00000000f7d80000)
  from space 6144K, 94% used [0x00000000f7e00000,0x00000000f83a5018,0x00000000f8400000)
  to   space 5632K, 0% used [0x00000000f8400000,0x00000000f8400000,0x00000000f8980000)
 ParOldGen       total 291328K, used 194745K [0x00000000e0000000, 0x00000000f1c80000, 0x00000000f5580000)
  object space 291328K, 66% used [0x00000000e0000000,0x00000000ebe2e460,0x00000000f1c80000)
 Metaspace       used 63578K, committed 64512K, reserved 1114112K
  class space    used 6004K, committed 6400K, reserved 1048576K
}
Event: 128.713 GC heap before
{Heap before GC invocations=182 (full 45):
 PSYoungGen      total 47104K, used 46740K [0x00000000f5580000, 0x00000000f8980000, 0x0000000100000000)
  eden space 40960K, 100% used [0x00000000f5580000,0x00000000f7d80000,0x00000000f7d80000)
  from space 6144K, 94% used [0x00000000f7e00000,0x00000000f83a5018,0x00000000f8400000)
  to   space 5632K, 0% used [0x00000000f8400000,0x00000000f8400000,0x00000000f8980000)
 ParOldGen       total 291328K, used 194745K [0x00000000e0000000, 0x00000000f1c80000, 0x00000000f5580000)
  object space 291328K, 66% used [0x00000000e0000000,0x00000000ebe2e460,0x00000000f1c80000)
 Metaspace       used 64854K, committed 65792K, reserved 1114112K
  class space    used 6095K, committed 6464K, reserved 1048576K
}
Event: 128.732 GC heap after
{Heap after GC invocations=182 (full 45):
 PSYoungGen      total 43008K, used 5607K [0x00000000f5580000, 0x00000000f9100000, 0x0000000100000000)
  eden space 37376K, 0% used [0x00000000f5580000,0x00000000f5580000,0x00000000f7a00000)
  from space 5632K, 99% used [0x00000000f8400000,0x00000000f8979f70,0x00000000f8980000)
  to   space 10240K, 0% used [0x00000000f7a00000,0x00000000f7a00000,0x00000000f8400000)
 ParOldGen       total 291328K, used 198460K [0x00000000e0000000, 0x00000000f1c80000, 0x00000000f5580000)
  object space 291328K, 68% used [0x00000000e0000000,0x00000000ec1cf190,0x00000000f1c80000)
 Metaspace       used 64854K, committed 65792K, reserved 1114112K
  class space    used 6095K, committed 6464K, reserved 1048576K
}
Event: 136.063 GC heap before
{Heap before GC invocations=183 (full 45):
 PSYoungGen      total 43008K, used 42983K [0x00000000f5580000, 0x00000000f9100000, 0x0000000100000000)
  eden space 37376K, 100% used [0x00000000f5580000,0x00000000f7a00000,0x00000000f7a00000)
  from space 5632K, 99% used [0x00000000f8400000,0x00000000f8979f70,0x00000000f8980000)
  to   space 10240K, 0% used [0x00000000f7a00000,0x00000000f7a00000,0x00000000f8400000)
 ParOldGen       total 291328K, used 198460K [0x00000000e0000000, 0x00000000f1c80000, 0x00000000f5580000)
  object space 291328K, 68% used [0x00000000e0000000,0x00000000ec1cf190,0x00000000f1c80000)
 Metaspace       used 65554K, committed 66496K, reserved 1114112K
  class space    used 6097K, committed 6464K, reserved 1048576K
}
Event: 136.072 GC heap after
{Heap after GC invocations=183 (full 45):
 PSYoungGen      total 41984K, used 4935K [0x00000000f5580000, 0x00000000f8680000, 0x0000000100000000)
  eden space 36864K, 0% used [0x00000000f5580000,0x00000000f5580000,0x00000000f7980000)
  from space 5120K, 96% used [0x00000000f7a00000,0x00000000f7ed1f60,0x00000000f7f00000)
  to   space 6656K, 0% used [0x00000000f8000000,0x00000000f8000000,0x00000000f8680000)
 ParOldGen       total 291328K, used 199593K [0x00000000e0000000, 0x00000000f1c80000, 0x00000000f5580000)
  object space 291328K, 68% used [0x00000000e0000000,0x00000000ec2ea4f8,0x00000000f1c80000)
 Metaspace       used 65554K, committed 66496K, reserved 1114112K
  class space    used 6097K, committed 6464K, reserved 1048576K
}
Event: 154.888 GC heap before
{Heap before GC invocations=184 (full 45):
 PSYoungGen      total 41984K, used 41799K [0x00000000f5580000, 0x00000000f8680000, 0x0000000100000000)
  eden space 36864K, 100% used [0x00000000f5580000,0x00000000f7980000,0x00000000f7980000)
  from space 5120K, 96% used [0x00000000f7a00000,0x00000000f7ed1f60,0x00000000f7f00000)
  to   space 6656K, 0% used [0x00000000f8000000,0x00000000f8000000,0x00000000f8680000)
 ParOldGen       total 291328K, used 199593K [0x00000000e0000000, 0x00000000f1c80000, 0x00000000f5580000)
  object space 291328K, 68% used [0x00000000e0000000,0x00000000ec2ea4f8,0x00000000f1c80000)
 Metaspace       used 66114K, committed 67072K, reserved 1114112K
  class space    used 6099K, committed 6464K, reserved 1048576K
}
Event: 154.895 GC heap after
{Heap after GC invocations=184 (full 45):
 PSYoungGen      total 41472K, used 4663K [0x00000000f5580000, 0x00000000f8500000, 0x0000000100000000)
  eden space 36352K, 0% used [0x00000000f5580000,0x00000000f5580000,0x00000000f7900000)
  from space 5120K, 91% used [0x00000000f8000000,0x00000000f848df50,0x00000000f8500000)
  to   space 5120K, 0% used [0x00000000f7b00000,0x00000000f7b00000,0x00000000f8000000)
 ParOldGen       total 291328K, used 199593K [0x00000000e0000000, 0x00000000f1c80000, 0x00000000f5580000)
  object space 291328K, 68% used [0x00000000e0000000,0x00000000ec2ea4f8,0x00000000f1c80000)
 Metaspace       used 66114K, committed 67072K, reserved 1114112K
  class space    used 6099K, committed 6464K, reserved 1048576K
}
Event: 160.989 GC heap before
{Heap before GC invocations=185 (full 45):
 PSYoungGen      total 41472K, used 41015K [0x00000000f5580000, 0x00000000f8500000, 0x0000000100000000)
  eden space 36352K, 100% used [0x00000000f5580000,0x00000000f7900000,0x00000000f7900000)
  from space 5120K, 91% used [0x00000000f8000000,0x00000000f848df50,0x00000000f8500000)
  to   space 5120K, 0% used [0x00000000f7b00000,0x00000000f7b00000,0x00000000f8000000)
 ParOldGen       total 291328K, used 199593K [0x00000000e0000000, 0x00000000f1c80000, 0x00000000f5580000)
  object space 291328K, 68% used [0x00000000e0000000,0x00000000ec2ea4f8,0x00000000f1c80000)
 Metaspace       used 66428K, committed 67328K, reserved 1114112K
  class space    used 6099K, committed 6464K, reserved 1048576K
}
Event: 160.998 GC heap after
{Heap after GC invocations=185 (full 45):
 PSYoungGen      total 40960K, used 5113K [0x00000000f5580000, 0x00000000f8480000, 0x0000000100000000)
  eden space 35840K, 0% used [0x00000000f5580000,0x00000000f5580000,0x00000000f7880000)
  from space 5120K, 99% used [0x00000000f7b00000,0x00000000f7ffe770,0x00000000f8000000)
  to   space 4608K, 0% used [0x00000000f8000000,0x00000000f8000000,0x00000000f8480000)
 ParOldGen       total 291328K, used 200244K [0x00000000e0000000, 0x00000000f1c80000, 0x00000000f5580000)
  object space 291328K, 68% used [0x00000000e0000000,0x00000000ec38d150,0x00000000f1c80000)
 Metaspace       used 66428K, committed 67328K, reserved 1114112K
  class space    used 6099K, committed 6464K, reserved 1048576K
}
Event: 167.918 GC heap before
{Heap before GC invocations=186 (full 45):
 PSYoungGen      total 40960K, used 40953K [0x00000000f5580000, 0x00000000f8480000, 0x0000000100000000)
  eden space 35840K, 100% used [0x00000000f5580000,0x00000000f7880000,0x00000000f7880000)
  from space 5120K, 99% used [0x00000000f7b00000,0x00000000f7ffe770,0x00000000f8000000)
  to   space 4608K, 0% used [0x00000000f8000000,0x00000000f8000000,0x00000000f8480000)
 ParOldGen       total 291328K, used 200244K [0x00000000e0000000, 0x00000000f1c80000, 0x00000000f5580000)
  object space 291328K, 68% used [0x00000000e0000000,0x00000000ec38d150,0x00000000f1c80000)
 Metaspace       used 66854K, committed 67840K, reserved 1114112K
  class space    used 6101K, committed 6528K, reserved 1048576K
}
Event: 167.927 GC heap after
{Heap after GC invocations=186 (full 45):
 PSYoungGen      total 38400K, used 2530K [0x00000000f5580000, 0x00000000f8280000, 0x0000000100000000)
  eden space 35840K, 0% used [0x00000000f5580000,0x00000000f5580000,0x00000000f7880000)
  from space 2560K, 98% used [0x00000000f8000000,0x00000000f8278820,0x00000000f8280000)
  to   space 4096K, 0% used [0x00000000f7a80000,0x00000000f7a80000,0x00000000f7e80000)
 ParOldGen       total 291328K, used 203154K [0x00000000e0000000, 0x00000000f1c80000, 0x00000000f5580000)
  object space 291328K, 69% used [0x00000000e0000000,0x00000000ec664990,0x00000000f1c80000)
 Metaspace       used 66854K, committed 67840K, reserved 1114112K
  class space    used 6101K, committed 6528K, reserved 1048576K
}
Event: 204.024 GC heap before
{Heap before GC invocations=187 (full 45):
 PSYoungGen      total 38400K, used 38370K [0x00000000f5580000, 0x00000000f8280000, 0x0000000100000000)
  eden space 35840K, 99% used [0x00000000f5580000,0x00000000f787fff0,0x00000000f7880000)
  from space 2560K, 98% used [0x00000000f8000000,0x00000000f8278820,0x00000000f8280000)
  to   space 4096K, 0% used [0x00000000f7a80000,0x00000000f7a80000,0x00000000f7e80000)
 ParOldGen       total 291328K, used 203154K [0x00000000e0000000, 0x00000000f1c80000, 0x00000000f5580000)
  object space 291328K, 69% used [0x00000000e0000000,0x00000000ec664990,0x00000000f1c80000)
 Metaspace       used 67110K, committed 68160K, reserved 1114112K
  class space    used 6103K, committed 6528K, reserved 1048576K
}
Event: 204.031 GC heap after
{Heap after GC invocations=187 (full 45):
 PSYoungGen      total 38400K, used 2370K [0x00000000f5580000, 0x00000000f8080000, 0x0000000100000000)
  eden space 35840K, 0% used [0x00000000f5580000,0x00000000f5580000,0x00000000f7880000)
  from space 2560K, 92% used [0x00000000f7a80000,0x00000000f7cd0820,0x00000000f7d00000)
  to   space 3072K, 0% used [0x00000000f7d80000,0x00000000f7d80000,0x00000000f8080000)
 ParOldGen       total 291328K, used 203154K [0x00000000e0000000, 0x00000000f1c80000, 0x00000000f5580000)
  object space 291328K, 69% used [0x00000000e0000000,0x00000000ec664990,0x00000000f1c80000)
 Metaspace       used 67110K, committed 68160K, reserved 1114112K
  class space    used 6103K, committed 6528K, reserved 1048576K
}
Event: 317.077 GC heap before
{Heap before GC invocations=188 (full 45):
 PSYoungGen      total 38400K, used 38210K [0x00000000f5580000, 0x00000000f8080000, 0x0000000100000000)
  eden space 35840K, 100% used [0x00000000f5580000,0x00000000f7880000,0x00000000f7880000)
  from space 2560K, 92% used [0x00000000f7a80000,0x00000000f7cd0820,0x00000000f7d00000)
  to   space 3072K, 0% used [0x00000000f7d80000,0x00000000f7d80000,0x00000000f8080000)
 ParOldGen       total 291328K, used 203154K [0x00000000e0000000, 0x00000000f1c80000, 0x00000000f5580000)
  object space 291328K, 69% used [0x00000000e0000000,0x00000000ec664990,0x00000000f1c80000)
 Metaspace       used 67467K, committed 68416K, reserved 1114112K
  class space    used 6118K, committed 6528K, reserved 1048576K
}
Event: 317.082 GC heap after
{Heap after GC invocations=188 (full 45):
 PSYoungGen      total 38912K, used 2626K [0x00000000f5580000, 0x00000000f8080000, 0x0000000100000000)
  eden space 35840K, 0% used [0x00000000f5580000,0x00000000f5580000,0x00000000f7880000)
  from space 3072K, 85% used [0x00000000f7d80000,0x00000000f8010860,0x00000000f8080000)
  to   space 3072K, 0% used [0x00000000f7a80000,0x00000000f7a80000,0x00000000f7d80000)
 ParOldGen       total 291328K, used 203154K [0x00000000e0000000, 0x00000000f1c80000, 0x00000000f5580000)
  object space 291328K, 69% used [0x00000000e0000000,0x00000000ec664990,0x00000000f1c80000)
 Metaspace       used 67467K, committed 68416K, reserved 1114112K
  class space    used 6118K, committed 6528K, reserved 1048576K
}

